<?xml version="1.0" encoding="UTF-8"?>
<testsuite xmlns:xsi="http://www.w3.org/2001/XMLSchema-instance" xsi:noNamespaceSchemaLocation="https://maven.apache.org/surefire/maven-surefire-plugin/xsd/surefire-test-report.xsd" name="DieTest" time="0.143" tests="101" errors="0" skipped="0" failures="0">
  <properties>
[...]
</properties>
  <testcase name="dieRollMustBeLessThanSeven[1]" classname="DieTest" time="0.001"/>
  <testcase name="dieRollMustBeLessThanSeven[2]" classname="DieTest" time="0.001"/>
  <testcase name="dieRollMustBeLessThanSeven[3]" classname="DieTest" time="0.001"/>
  <testcase name="dieRollMustBeLessThanSeven[4]" classname="DieTest" time="0.001"/>
  <testcase name="dieRollMustBeLessThanSeven[5]" classname="DieTest" time="0.001"/>
  <testcase name="dieRollMustBeLessThanSeven[6]" classname="DieTest" time="0"/>
  <testcase name="dieRollMustBeLessThanSeven[7]" classname="DieTest" time="0.001"/>
  <testcase name="dieRollMustBeLessThanSeven[8]" classname="DieTest" time="0.003"/>
  <testcase name="dieRollMustBeLessThanSeven[9]" classname="DieTest" time="0.001"/>
  <testcase name="dieRollMustBeLessThanSeven[10]" classname="DieTest" time="0.001"/>
  <testcase name="dieRollMustBeLessThanSeven[11]" classname="DieTest" time="0.001"/>
  <testcase name="dieRollMustBeLessThanSeven[12]" classname="DieTest" time="0"/>
  <testcase name="dieRollMustBeLessThanSeven[13]" classname="DieTest" time="0.001"/>
  <testcase name="dieRollMustBeLessThanSeven[14]" classname="DieTest" time="0.001"/>
  <testcase name="dieRollMustBeLessThanSeven[15]" classname="DieTest" time="0"/>
  <testcase name="dieRollMustBeLessThanSeven[16]" classname="DieTest" time="0.001"/>
  <testcase name="dieRollMustBeLessThanSeven[17]" classname="DieTest" time="0"/>
  <testcase name="dieRollMustBeLessThanSeven[18]" classname="DieTest" time="0.001"/>
  <testcase name="dieRollMustBeLessThanSeven[19]" classname="DieTest" time="0"/>
  <testcase name="dieRollMustBeLessThanSeven[20]" classname="DieTest" time="0.001"/>
  <testcase name="dieRollMustBeLessThanSeven[21]" classname="DieTest" time="0"/>
  <testcase name="dieRollMustBeLessThanSeven[22]" classname="DieTest" time="0.001"/>
  <testcase name="dieRollMustBeLessThanSeven[23]" classname="DieTest" time="0.001"/>
  <testcase name="dieRollMustBeLessThanSeven[24]" classname="DieTest" time="0.002"/>
  <testcase name="dieRollMustBeLessThanSeven[25]" classname="DieTest" time="0"/>
  <testcase name="dieRollMustBeLessThanSeven[26]" classname="DieTest" time="0.001"/>
  <testcase name="dieRollMustBeLessThanSeven[27]" classname="DieTest" time="0"/>
  <testcase name="dieRollMustBeLessThanSeven[28]" classname="DieTest" time="0"/>
  <testcase name="dieRollMustBeLessThanSeven[29]" classname="DieTest" time="0.001"/>
  <testcase name="dieRollMustBeLessThanSeven[30]" classname="DieTest" time="0"/>
  <testcase name="dieRollMustBeLessThanSeven[31]" classname="DieTest" time="0"/>
  <testcase name="dieRollMustBeLessThanSeven[32]" classname="DieTest" time="0"/>
  <testcase name="dieRollMustBeLessThanSeven[33]" classname="DieTest" time="0"/>
  <testcase name="dieRollMustBeLessThanSeven[34]" classname="DieTest" time="0.001"/>
  <testcase name="dieRollMustBeLessThanSeven[35]" classname="DieTest" time="0.001"/>
  <testcase name="dieRollMustBeLessThanSeven[36]" classname="DieTest" time="0"/>
  <testcase name="dieRollMustBeLessThanSeven[37]" classname="DieTest" time="0"/>
  <testcase name="dieRollMustBeLessThanSeven[38]" classname="DieTest" time="0.001"/>
  <testcase name="dieRollMustBeLessThanSeven[39]" classname="DieTest" time="0.001"/>
  <testcase name="dieRollMustBeLessThanSeven[40]" classname="DieTest" time="0"/>
  <testcase name="dieRollMustBeLessThanSeven[41]" classname="DieTest" time="0"/>
  <testcase name="dieRollMustBeLessThanSeven[42]" classname="DieTest" time="0"/>
  <testcase name="dieRollMustBeLessThanSeven[43]" classname="DieTest" time="0"/>
  <testcase name="dieRollMustBeLessThanSeven[44]" classname="DieTest" time="0"/>
  <testcase name="dieRollMustBeLessThanSeven[45]" classname="DieTest" time="0"/>
  <testcase name="dieRollMustBeLessThanSeven[46]" classname="DieTest" time="0"/>
  <testcase name="dieRollMustBeLessThanSeven[47]" classname="DieTest" time="0"/>
  <testcase name="dieRollMustBeLessThanSeven[48]" classname="DieTest" time="0"/>
  <testcase name="dieRollMustBeLessThanSeven[49]" classname="DieTest" time="0"/>
  <testcase name="dieRollMustBeLessThanSeven[50]" classname="DieTest" time="0"/>
  <testcase name="dieRollMustBeLessThanSeven[51]" classname="DieTest" time="0"/>
  <testcase name="dieRollMustBeLessThanSeven[52]" classname="DieTest" time="0"/>
  <testcase name="dieRollMustBeLessThanSeven[53]" classname="DieTest" time="0"/>
  <testcase name="dieRollMustBeLessThanSeven[54]" classname="DieTest" time="0"/>
  <testcase name="dieRollMustBeLessThanSeven[55]" classname="DieTest" time="0"/>
  <testcase name="dieRollMustBeLessThanSeven[56]" classname="DieTest" time="0"/>
  <testcase name="dieRollMustBeLessThanSeven[57]" classname="DieTest" time="0"/>
  <testcase name="dieRollMustBeLessThanSeven[58]" classname="DieTest" time="0"/>
  <testcase name="dieRollMustBeLessThanSeven[59]" classname="DieTest" time="0"/>
  <testcase name="dieRollMustBeLessThanSeven[60]" classname="DieTest" time="0"/>
  <testcase name="dieRollMustBeLessThanSeven[61]" classname="DieTest" time="0"/>
  <testcase name="dieRollMustBeLessThanSeven[62]" classname="DieTest" time="0"/>
  <testcase name="dieRollMustBeLessThanSeven[63]" classname="DieTest" time="0"/>
  <testcase name="dieRollMustBeLessThanSeven[64]" classname="DieTest" time="0.001"/>
  <testcase name="dieRollMustBeLessThanSeven[65]" classname="DieTest" time="0.001"/>
  <testcase name="dieRollMustBeLessThanSeven[66]" classname="DieTest" time="0"/>
  <testcase name="dieRollMustBeLessThanSeven[67]" classname="DieTest" time="0"/>
  <testcase name="dieRollMustBeLessThanSeven[68]" classname="DieTest" time="0"/>
  <testcase name="dieRollMustBeLessThanSeven[69]" classname="DieTest" time="0"/>
  <testcase name="dieRollMustBeLessThanSeven[70]" classname="DieTest" time="0"/>
  <testcase name="dieRollMustBeLessThanSeven[71]" classname="DieTest" time="0"/>
  <testcase name="dieRollMustBeLessThanSeven[72]" classname="DieTest" time="0"/>
  <testcase name="dieRollMustBeLessThanSeven[73]" classname="DieTest" time="0.001"/>
  <testcase name="dieRollMustBeLessThanSeven[74]" classname="DieTest" time="0.001"/>
  <testcase name="dieRollMustBeLessThanSeven[75]" classname="DieTest" time="0.001"/>
  <testcase name="dieRollMustBeLessThanSeven[76]" classname="DieTest" time="0"/>
  <testcase name="dieRollMustBeLessThanSeven[77]" classname="DieTest" time="0"/>
  <testcase name="dieRollMustBeLessThanSeven[78]" classname="DieTest" time="0"/>
  <testcase name="dieRollMustBeLessThanSeven[79]" classname="DieTest" time="0"/>
  <testcase name="dieRollMustBeLessThanSeven[80]" classname="DieTest" time="0"/>
  <testcase name="dieRollMustBeLessThanSeven[81]" classname="DieTest" time="0"/>
  <testcase name="dieRollMustBeLessThanSeven[82]" classname="DieTest" time="0"/>
  <testcase name="dieRollMustBeLessThanSeven[83]" classname="DieTest" time="0"/>
  <testcase name="dieRollMustBeLessThanSeven[84]" classname="DieTest" time="0.001"/>
  <testcase name="dieRollMustBeLessThanSeven[85]" classname="DieTest" time="0"/>
  <testcase name="dieRollMustBeLessThanSeven[86]" classname="DieTest" time="0"/>
  <testcase name="dieRollMustBeLessThanSeven[87]" classname="DieTest" time="0.001"/>
  <testcase name="dieRollMustBeLessThanSeven[88]" classname="DieTest" time="0.001"/>
  <testcase name="dieRollMustBeLessThanSeven[89]" classname="DieTest" time="0.001"/>
  <testcase name="dieRollMustBeLessThanSeven[90]" classname="DieTest" time="0.001"/>
  <testcase name="dieRollMustBeLessThanSeven[91]" classname="DieTest" time="0"/>
  <testcase name="dieRollMustBeLessThanSeven[92]" classname="DieTest" time="0.001"/>
  <testcase name="dieRollMustBeLessThanSeven[93]" classname="DieTest" time="0"/>
  <testcase name="dieRollMustBeLessThanSeven[94]" classname="DieTest" time="0"/>
  <testcase name="dieRollMustBeLessThanSeven[95]" classname="DieTest" time="0"/>
  <testcase name="dieRollMustBeLessThanSeven[96]" classname="DieTest" time="0.001"/>
  <testcase name="dieRollMustBeLessThanSeven[97]" classname="DieTest" time="0.001"/>
  <testcase name="dieRollMustBeLessThanSeven[98]" classname="DieTest" time="0"/>
  <testcase name="dieRollMustBeLessThanSeven[99]" classname="DieTest" time="0"/>
  <testcase name="dieRollMustBeLessThanSeven[100]" classname="DieTest" time="0"/>
  <testcase name="dieShouldReturnTheRightNumber" classname="DieTest" time="0"/>
</testsuite>